  ClassesProject.cpp
C:\Program Files\Microsoft Visual Studio\2022\Community\VC\Tools\MSVC\14.34.31933\include\xmemory(673,1): error C2259: 'PlayableCharacter': cannot instantiate abstract class
C:\Users\Paradox\source\repos\ClassesProject\ClassesProject\Header.h(105,7): message : see declaration of 'PlayableCharacter'
C:\Program Files\Microsoft Visual Studio\2022\Community\VC\Tools\MSVC\14.34.31933\include\xmemory(673,1): message : due to following members:
C:\Program Files\Microsoft Visual Studio\2022\Community\VC\Tools\MSVC\14.34.31933\include\xmemory(673,1): message : 'void CreatureEntity::heal(double)': is abstract
C:\Users\Paradox\source\repos\ClassesProject\ClassesProject\Header.h(42,15): message : see declaration of 'CreatureEntity::heal'
C:\Program Files\Microsoft Visual Studio\2022\Community\VC\Tools\MSVC\14.34.31933\include\xmemory(673,1): message : 'void CreatureEntity::deal_damage(double,CreatureEntity &)': is abstract
C:\Users\Paradox\source\repos\ClassesProject\ClassesProject\Header.h(43,15): message : see declaration of 'CreatureEntity::deal_damage'
C:\Program Files\Microsoft Visual Studio\2022\Community\VC\Tools\MSVC\14.34.31933\include\vector(852,1): message : see reference to function template instantiation 'void std::_Default_allocator_traits<_Alloc>::construct<_Ty,const _Ty&>(_Alloc &,_Objty *const ,const _Ty &)' being compiled
          with
          [
              _Alloc=std::allocator<PlayableCharacter>,
              _Ty=PlayableCharacter,
              _Objty=PlayableCharacter
          ]
C:\Program Files\Microsoft Visual Studio\2022\Community\VC\Tools\MSVC\14.34.31933\include\vector(863,36): message : see reference to function template instantiation 'void std::_Default_allocator_traits<_Alloc>::construct<_Ty,const _Ty&>(_Alloc &,_Objty *const ,const _Ty &)' being compiled
          with
          [
              _Alloc=std::allocator<PlayableCharacter>,
              _Ty=PlayableCharacter,
              _Objty=PlayableCharacter
          ]
C:\Program Files\Microsoft Visual Studio\2022\Community\VC\Tools\MSVC\14.34.31933\include\vector(839,1): message : see reference to function template instantiation '_Ty &std::vector<_Ty,std::allocator<_Ty>>::_Emplace_back_with_unused_capacity<const _Ty&>(const _Ty &)' being compiled
          with
          [
              _Ty=PlayableCharacter
          ]
C:\Program Files\Microsoft Visual Studio\2022\Community\VC\Tools\MSVC\14.34.31933\include\vector(845,13): message : see reference to function template instantiation '_Ty &std::vector<_Ty,std::allocator<_Ty>>::_Emplace_back_with_unused_capacity<const _Ty&>(const _Ty &)' being compiled
          with
          [
              _Ty=PlayableCharacter
          ]
C:\Program Files\Microsoft Visual Studio\2022\Community\VC\Tools\MSVC\14.34.31933\include\vector(936,1): message : see reference to function template instantiation '_Ty &std::vector<_Ty,std::allocator<_Ty>>::_Emplace_one_at_back<const _Ty&>(const _Ty &)' being compiled
          with
          [
              _Ty=PlayableCharacter
          ]
C:\Program Files\Microsoft Visual Studio\2022\Community\VC\Tools\MSVC\14.34.31933\include\vector(936,29): message : see reference to function template instantiation '_Ty &std::vector<_Ty,std::allocator<_Ty>>::_Emplace_one_at_back<const _Ty&>(const _Ty &)' being compiled
          with
          [
              _Ty=PlayableCharacter
          ]
C:\Program Files\Microsoft Visual Studio\2022\Community\VC\Tools\MSVC\14.34.31933\include\vector(935,1): message : while compiling class template member function 'void std::vector<PlayableCharacter,std::allocator<PlayableCharacter>>::push_back(const _Ty &)'
          with
          [
              _Ty=PlayableCharacter
          ]
C:\Users\Paradox\source\repos\ClassesProject\ClassesProject\ClassesProject.cpp(48,15): message : see reference to function template instantiation 'void std::vector<PlayableCharacter,std::allocator<PlayableCharacter>>::push_back(const _Ty &)' being compiled
          with
          [
              _Ty=PlayableCharacter
          ]
C:\Users\Paradox\source\repos\ClassesProject\ClassesProject\ClassesProject.cpp(47,34): message : see reference to class template instantiation 'std::vector<PlayableCharacter,std::allocator<PlayableCharacter>>' being compiled
C:\Program Files\Microsoft Visual Studio\2022\Community\VC\Tools\MSVC\14.34.31933\include\xmemory(680,47): error C2259: 'PlayableCharacter': cannot instantiate abstract class
C:\Users\Paradox\source\repos\ClassesProject\ClassesProject\Header.h(105,7): message : see declaration of 'PlayableCharacter'
C:\Program Files\Microsoft Visual Studio\2022\Community\VC\Tools\MSVC\14.34.31933\include\xmemory(680,47): message : due to following members:
C:\Program Files\Microsoft Visual Studio\2022\Community\VC\Tools\MSVC\14.34.31933\include\xmemory(680,47): message : 'void CreatureEntity::heal(double)': is abstract
C:\Users\Paradox\source\repos\ClassesProject\ClassesProject\Header.h(42,15): message : see declaration of 'CreatureEntity::heal'
C:\Program Files\Microsoft Visual Studio\2022\Community\VC\Tools\MSVC\14.34.31933\include\xmemory(680,47): message : 'void CreatureEntity::deal_damage(double,CreatureEntity &)': is abstract
C:\Users\Paradox\source\repos\ClassesProject\ClassesProject\Header.h(43,15): message : see declaration of 'CreatureEntity::deal_damage'
